<?xml version="1.0" encoding="UTF-8"?>
<!-- Generated by org.testng.reporters.JUnitXMLReporter -->
<testsuite hostname="Alexs-Air.homeip.net" name="Default test" tests="24" failures="0" timestamp="21 Feb 2015 04:11:30 GMT" time="0.091" errors="0">
  <testcase name="test_combineMatrix_2" time="0.026" classname="org.perova.TicTacToe.CompAlgorTest"/>
  <testcase name="test_combineMatrix_3" time="0.001" classname="org.perova.TicTacToe.CompAlgorTest"/>
  <testcase name="test_copyMatrix" time="0.001" classname="org.perova.TicTacToe.CompAlgorTest"/>
  <testcase name="test_countPlayerCells_Diagonal_LD" time="0.001" classname="org.perova.TicTacToe.CompAlgorTest"/>
  <testcase name="test_countPlayerCells_Diagonal_LU" time="0.001" classname="org.perova.TicTacToe.CompAlgorTest"/>
  <testcase name="test_countPlayerCells_Diagonal_Left" time="0.001" classname="org.perova.TicTacToe.CompAlgorTest"/>
  <testcase name="test_countPlayerCells_Diagonal_RD" time="0.001" classname="org.perova.TicTacToe.CompAlgorTest"/>
  <testcase name="test_countPlayerCells_Diagonal_RU" time="0.001" classname="org.perova.TicTacToe.CompAlgorTest"/>
  <testcase name="test_countPlayerCells_Diagonal_Right" time="0.001" classname="org.perova.TicTacToe.CompAlgorTest"/>
  <testcase name="test_countPlayerCells_Down" time="0.001" classname="org.perova.TicTacToe.CompAlgorTest"/>
  <testcase name="test_countPlayerCells_Up" time="0.002" classname="org.perova.TicTacToe.CompAlgorTest"/>
  <testcase name="test_createMatrixForDiagonalLine" time="0.001" classname="org.perova.TicTacToe.CompAlgorTest"/>
  <testcase name="test_createMatrixForHorizontalLine" time="0.001" classname="org.perova.TicTacToe.CompAlgorTest"/>
  <testcase name="test_createMatrixForVerticalLine" time="0.001" classname="org.perova.TicTacToe.CompAlgorTest"/>
  <testcase name="test_firstStep" time="0.001" classname="org.perova.TicTacToe.CompAlgorTest"/>
  <testcase name="test_isFieldEmpty_IsEmpty" time="0.001" classname="org.perova.TicTacToe.CompAlgorTest"/>
  <testcase name="test_isFieldEmpty_IsNotEmpty" time="0.0" classname="org.perova.TicTacToe.CompAlgorTest"/>
  <testcase name="test_isStepAvailable_00" time="0.001" classname="org.perova.TicTacToe.CompAlgorTest"/>
  <testcase name="test_isStepAvailable_33" time="0.001" classname="org.perova.TicTacToe.CompAlgorTest"/>
  <testcase name="test_isStepAvailable_LD" time="0.002" classname="org.perova.TicTacToe.CompAlgorTest"/>
  <testcase name="test_isStepAvailable_LU" time="0.001" classname="org.perova.TicTacToe.CompAlgorTest"/>
  <testcase name="test_isStepAvailable_RD" time="0.001" classname="org.perova.TicTacToe.CompAlgorTest"/>
  <testcase name="test_isStepAvailable_RU" time="0.0" classname="org.perova.TicTacToe.CompAlgorTest"/>
  <testcase name="test_maxElementInMatrix" time="0.001" classname="org.perova.TicTacToe.CompAlgorTest"/>
</testsuite> <!-- Default test -->
