<?xml version="1.0" encoding="UTF-8"?>
<!-- Generated by org.testng.reporters.JUnitXMLReporter -->
<testsuite hostname="Alexs-Air-3.homeip.net" name="Default test" tests="29" failures="0" timestamp="29 Jan 2015 00:28:27 GMT" time="0.093" errors="0">
  <testcase name="test_IsFieldSizeCorrect_CorrectFieldSize" time="0.021" classname="org.perova.TicTacToe.AppTest"/>
  <testcase name="test_checkColumnsForWinnerWinnerIsInTheLastColumn" time="0.001" classname="org.perova.TicTacToe.AppTest"/>
  <testcase name="test_checkColumnsForWinner_NoWinners" time="0.001" classname="org.perova.TicTacToe.AppTest"/>
  <testcase name="test_checkColumnsForWinner_WinnerIsInThe1stColumn" time="0.001" classname="org.perova.TicTacToe.AppTest"/>
  <testcase name="test_checkColumnsForWinner_WinnerIsInThe3rdColumn" time="0.001" classname="org.perova.TicTacToe.AppTest"/>
  <testcase name="test_checkColumnsForWinner_WinnerIsInTheCrossing" time="0.001" classname="org.perova.TicTacToe.AppTest"/>
  <testcase name="test_checkColumnsForWinner_WinnerIsInTheRow" time="0.001" classname="org.perova.TicTacToe.AppTest"/>
  <testcase name="test_checkCrossesForWinner_NoWinners" time="0.001" classname="org.perova.TicTacToe.AppTest"/>
  <testcase name="test_checkCrossesForWinner_WinnerIsInTheColumn" time="0.001" classname="org.perova.TicTacToe.AppTest"/>
  <testcase name="test_checkCrossesForWinner_WinnerIsInTheLeftCrossing" time="0.001" classname="org.perova.TicTacToe.AppTest"/>
  <testcase name="test_checkCrossesForWinner_WinnerIsInTheRightCrossing" time="0.001" classname="org.perova.TicTacToe.AppTest"/>
  <testcase name="test_checkCrossesForWinner_WinnerIsInTheRow" time="0.001" classname="org.perova.TicTacToe.AppTest"/>
  <testcase name="test_checkRowsForWinner_NoWinners" time="0.0" classname="org.perova.TicTacToe.AppTest"/>
  <testcase name="test_checkRowsForWinner_WinnerIsInThe1stRow" time="0.001" classname="org.perova.TicTacToe.AppTest"/>
  <testcase name="test_checkRowsForWinner_WinnerIsInThe3rdRow" time="0.001" classname="org.perova.TicTacToe.AppTest"/>
  <testcase name="test_checkRowsForWinner_WinnerIsInTheColumn" time="0.0" classname="org.perova.TicTacToe.AppTest"/>
  <testcase name="test_checkRowsForWinner_WinnerIsInTheCrossing" time="0.004" classname="org.perova.TicTacToe.AppTest"/>
  <testcase name="test_checkRowsForWinner_WinnerIsInTheLastRow" time="0.0" classname="org.perova.TicTacToe.AppTest"/>
  <testcase name="test_goTo_Left_CurrentCellIsEmpty_MakeStepOutOfBoundary" time="0.001" classname="org.perova.TicTacToe.AppTest"/>
  <testcase name="test_goTo_Left_JustFourElementInLine" time="0.001" classname="org.perova.TicTacToe.AppTest"/>
  <testcase name="test_goTo_Left_JustOneElementInLine" time="0.001" classname="org.perova.TicTacToe.AppTest"/>
  <testcase name="test_goTo_Left_OneIsAWinnerInCrossing" time="0.001" classname="org.perova.TicTacToe.AppTest"/>
  <testcase name="test_goTo_Left_TwoIsAWinnerInCrossing" time="0.001" classname="org.perova.TicTacToe.AppTest"/>
  <testcase name="test_goTo_Right_CurrentCellIsEmpty_MakeStepOutOfBoundary" time="0.0" classname="org.perova.TicTacToe.AppTest"/>
  <testcase name="test_goTo_Right_JustFourElementInLine" time="0.001" classname="org.perova.TicTacToe.AppTest"/>
  <testcase name="test_goTo_Right_JustOneElementInLine" time="0.0" classname="org.perova.TicTacToe.AppTest"/>
  <testcase name="test_goTo_Right_OneIsAWinnerInLine" time="0.001" classname="org.perova.TicTacToe.AppTest"/>
  <testcase name="test_goTo_Right_TwoIsAWinnerInLine" time="0.001" classname="org.perova.TicTacToe.AppTest"/>
  <testcase name="test_isFieldSizeCorrect_IncorrectFieldSize" time="0.0" classname="org.perova.TicTacToe.AppTest"/>
</testsuite> <!-- Default test -->
