<?xml version="1.0" encoding="UTF-8"?>
<testng-results skipped="0" failed="0" total="1" passed="1">
  <reporter-output>
  </reporter-output>
  <suite name="Default suite" duration-ms="45" started-at="2014-12-31T01:55:01Z" finished-at="2014-12-31T01:55:01Z">
    <groups>
    </groups>
    <test name="Default test" duration-ms="45" started-at="2014-12-31T01:55:01Z" finished-at="2014-12-31T01:55:01Z">
      <class name="org.perova.TicTacToe.AppTest">
        <test-method status="PASS" signature="testApp()[pri:0, instance:org.perova.TicTacToe.AppTest@18ef96]" name="testApp" duration-ms="24" started-at="2014-12-30T17:55:01Z" finished-at="2014-12-30T17:55:01Z">
          <reporter-output>
          </reporter-output>
        </test-method> <!-- testApp -->
      </class> <!-- org.perova.TicTacToe.AppTest -->
    </test> <!-- Default test -->
  </suite> <!-- Default suite -->
</testng-results>
